
> @werkles/tinkarden-membrane@0.0.0 dev
> next dev -p 3339

   ▲ Next.js 15.5.18
   - Local:        http://localhost:3339
   - Network:      http://10.1.10.194:3339

 ✓ Starting...
 ✓ Ready in 1418ms
 ○ Compiling /api/feral/[...path] ...
 ✓ Compiled /api/feral/[...path] in 972ms (299 modules)
 GET /api/feral/v1/engine-room 200 in 1365ms
 GET /api/feral/v1/engine-room 200 in 1369ms
 GET /api/feral/v1/engine-room 200 in 1371ms
 GET /api/feral/v1/engine-room 200 in 1373ms
 GET /api/feral/v1/engine-room 200 in 35ms
 GET /api/feral/v1/engine-room 200 in 35ms
 GET /api/feral/v1/engine-room 200 in 11ms
 GET /api/feral/v1/engine-room 200 in 15ms
 GET /api/feral/v1/engine-room 200 in 14ms
 GET /api/feral/v1/engine-room 200 in 20ms
 GET /api/real-aeye-relay?relay_id=real_aeye_relay_20260628100637_ca9e45 200 in 1774ms
 GET /api/feral/v1/engine-room 200 in 19ms
 GET /api/feral/v1/engine-room 200 in 10ms
 GET /api/real-aeye-relay?relay_id=real_aeye_relay_20260628100637_ca9e45 200 in 1842ms
 GET /api/feral/v1/engine-room 200 in 12ms
 GET /api/real-aeye-relay?relay_id=real_aeye_relay_20260628100637_ca9e45 200 in 490ms
 GET /api/feral/v1/engine-room 200 in 12ms
 GET /api/real-aeye-relay?relay_id=real_aeye_relay_20260628100637_ca9e45 200 in 490ms
 GET /api/feral/v1/engine-room 200 in 20ms
 GET /api/feral/v1/engine-room 200 in 24ms
 GET /api/real-aeye-relay?relay_id=real_aeye_relay_20260628100637_ca9e45 200 in 479ms
 GET /api/real-aeye-relay?relay_id=real_aeye_relay_20260628100637_ca9e45 200 in 431ms
 GET /api/feral/v1/engine-room 200 in 22ms
 GET /api/feral/v1/engine-room 200 in 24ms
 GET /api/real-aeye-relay?relay_id=real_aeye_relay_20260628100637_ca9e45 200 in 194ms
 GET /api/feral/v1/engine-room 200 in 79ms
 GET /api/real-aeye-relay?relay_id=real_aeye_relay_20260628100637_ca9e45 200 in 287ms
 GET /api/real-aeye-relay?relay_id=real_aeye_relay_20260628100637_ca9e45 200 in 263ms
 GET /api/real-aeye-relay?relay_id=real_aeye_relay_20260628100637_ca9e45 200 in 237ms
 GET /api/feral/v1/engine-room 200 in 209ms
 GET /api/feral/v1/engine-room 200 in 78ms
 GET /api/feral/v1/engine-room 200 in 52ms
 GET /api/feral/v1/engine-room 200 in 50ms
 GET /api/feral/v1/engine-room 200 in 42ms
 GET /api/feral/v1/engine-room 200 in 23ms
 GET /api/feral/v1/engine-room 200 in 22ms
 GET /api/feral/v1/engine-room 200 in 11ms
 GET /api/feral/v1/engine-room 200 in 17ms
 GET /api/feral/v1/engine-room 200 in 14ms
 GET /api/feral/v1/engine-room 200 in 9ms
 GET /api/real-aeye-relay?relay_id=real_aeye_relay_20260628100637_ca9e45 200 in 351ms
 GET /api/feral/v1/engine-room 200 in 9ms
 GET /api/feral/v1/engine-room 200 in 9ms
 GET /api/real-aeye-relay?relay_id=real_aeye_relay_20260628100637_ca9e45 200 in 237ms
 GET /api/feral/v1/engine-room 200 in 10ms
 GET /api/feral/v1/engine-room 200 in 9ms
 GET /api/real-aeye-relay?relay_id=real_aeye_relay_20260628100637_ca9e45 200 in 200ms
 GET /api/real-aeye-relay?relay_id=real_aeye_relay_20260628100637_ca9e45 200 in 174ms
 GET /api/feral/v1/engine-room 200 in 18ms
 GET /api/feral/v1/engine-room 200 in 18ms
 GET /api/real-aeye-relay?relay_id=real_aeye_relay_20260628100637_ca9e45 200 in 160ms
 GET /api/feral/v1/engine-room 200 in 20ms
 GET /api/feral/v1/engine-room 200 in 23ms
 GET /api/feral/v1/engine-room 200 in 17ms
 GET /api/real-aeye-relay?relay_id=real_aeye_relay_20260628100637_ca9e45 200 in 167ms
 GET /api/feral/v1/engine-room 200 in 20ms
 GET /api/real-aeye-relay?relay_id=real_aeye_relay_20260628100637_ca9e45 200 in 158ms
 GET /api/feral/v1/engine-room 200 in 29ms
 GET /api/real-aeye-relay?relay_id=real_aeye_relay_20260628100637_ca9e45 200 in 134ms
 GET /api/feral/v1/engine-room 200 in 31ms
 GET /api/feral/v1/engine-room 200 in 25ms
 GET /api/real-aeye-relay?relay_id=real_aeye_relay_20260628100637_ca9e45 200 in 121ms
 GET /api/feral/v1/engine-room 200 in 30ms
 GET /api/feral/v1/engine-room 200 in 16ms
 GET /api/feral/v1/engine-room 200 in 21ms
 GET /api/feral/v1/engine-room 200 in 25ms
 GET /api/feral/v1/engine-room 200 in 19ms
 GET /api/real-aeye-relay?relay_id=real_aeye_relay_20260628100637_ca9e45 200 in 151ms
 GET /api/feral/v1/engine-room 200 in 19ms
 GET /api/feral/v1/engine-room 200 in 17ms
 GET /api/feral/v1/engine-room 200 in 20ms
 GET /api/feral/v1/engine-room 200 in 10ms
 GET /api/real-aeye-relay?relay_id=real_aeye_relay_20260628100637_ca9e45 200 in 185ms
 GET /api/feral/v1/engine-room 200 in 16ms
 GET /api/feral/v1/engine-room 200 in 9ms
 GET /api/real-aeye-relay?relay_id=real_aeye_relay_20260628100637_ca9e45 200 in 200ms
 GET /api/feral/v1/engine-room 200 in 9ms
 GET /api/feral/v1/engine-room 200 in 9ms
 GET /api/real-aeye-relay?relay_id=real_aeye_relay_20260628100637_ca9e45 200 in 207ms
 GET /api/feral/v1/engine-room 200 in 11ms
 GET /api/feral/v1/engine-room 200 in 10ms
 GET /api/real-aeye-relay?relay_id=real_aeye_relay_20260628100637_ca9e45 200 in 199ms
 GET /api/feral/v1/engine-room 200 in 11ms
 GET /api/real-aeye-relay?relay_id=real_aeye_relay_20260628100637_ca9e45 200 in 202ms
 GET /api/feral/v1/engine-room 200 in 21ms
 GET /api/feral/v1/engine-room 200 in 16ms
 GET /api/real-aeye-relay?relay_id=real_aeye_relay_20260628100637_ca9e45 200 in 198ms
 GET /api/feral/v1/engine-room 200 in 12ms
 GET /api/feral/v1/engine-room 200 in 16ms
 GET /api/feral/v1/engine-room 200 in 10ms
 GET /api/real-aeye-relay?relay_id=real_aeye_relay_20260628100637_ca9e45 200 in 200ms
 GET /api/feral/v1/engine-room 200 in 20ms
 GET /api/real-aeye-relay?relay_id=real_aeye_relay_20260628100637_ca9e45 200 in 190ms
 GET /api/real-aeye-relay?relay_id=real_aeye_relay_20260628100637_ca9e45 200 in 176ms
 GET /api/feral/v1/engine-room 200 in 31ms
 GET /api/feral/v1/engine-room 200 in 12ms
 GET /api/real-aeye-relay?relay_id=real_aeye_relay_20260628100637_ca9e45 200 in 153ms
 GET /api/feral/v1/engine-room 200 in 18ms
 GET /api/feral/v1/engine-room 200 in 19ms
 GET /api/real-aeye-relay?relay_id=real_aeye_relay_20260628100637_ca9e45 200 in 148ms
 GET /api/feral/v1/engine-room 200 in 24ms
 GET /api/feral/v1/engine-room 200 in 17ms
 GET /api/real-aeye-relay?relay_id=real_aeye_relay_20260628100637_ca9e45 200 in 142ms
 GET /api/feral/v1/engine-room 200 in 28ms
 GET /api/feral/v1/engine-room 200 in 19ms
 GET /api/real-aeye-relay?relay_id=real_aeye_relay_20260628100637_ca9e45 200 in 151ms
 GET /api/feral/v1/engine-room 200 in 21ms
 GET /api/real-aeye-relay?relay_id=real_aeye_relay_20260628100637_ca9e45 200 in 126ms
 GET /api/feral/v1/engine-room 200 in 16ms
 GET /api/feral/v1/engine-room 200 in 26ms
 GET /api/real-aeye-relay?relay_id=real_aeye_relay_20260628100637_ca9e45 200 in 107ms
 GET /api/real-aeye-relay?relay_id=real_aeye_relay_20260628100637_ca9e45 200 in 94ms
 GET /api/feral/v1/engine-room 200 in 24ms
 GET /api/feral/v1/engine-room 200 in 32ms
 GET /api/real-aeye-relay?relay_id=real_aeye_relay_20260628100637_ca9e45 200 in 83ms
 GET /api/real-aeye-relay?relay_id=real_aeye_relay_20260628100637_ca9e45 200 in 62ms
 GET /api/feral/v1/engine-room 200 in 41ms
 GET /api/feral/v1/engine-room 200 in 51ms
 GET /api/feral/v1/engine-room 200 in 37ms
 GET /api/real-aeye-relay?relay_id=real_aeye_relay_20260628100637_ca9e45 200 in 75ms
 GET /api/feral/v1/engine-room 200 in 42ms
 GET /api/real-aeye-relay?relay_id=real_aeye_relay_20260628100637_ca9e45 200 in 74ms
 GET /api/feral/v1/engine-room 200 in 35ms
 GET /api/feral/v1/engine-room 200 in 36ms
 GET /api/feral/v1/engine-room 200 in 25ms
 GET /api/feral/v1/engine-room 200 in 20ms
 GET /api/real-aeye-relay?relay_id=real_aeye_relay_20260628100637_ca9e45 200 in 76ms
 GET /api/real-aeye-relay?relay_id=real_aeye_relay_20260628100637_ca9e45 200 in 96ms
 GET /api/feral/v1/engine-room 200 in 51ms
 GET /api/real-aeye-relay?relay_id=real_aeye_relay_20260628100637_ca9e45 200 in 67ms
 GET /api/feral/v1/engine-room 200 in 49ms
 GET /api/feral/v1/engine-room 200 in 26ms
 GET /api/feral/v1/engine-room 200 in 34ms
 GET /api/feral/v1/engine-room 200 in 49ms
 GET /api/feral/v1/engine-room 200 in 40ms
 GET /api/feral/v1/engine-room 200 in 40ms
 GET /api/real-aeye-relay?relay_id=real_aeye_relay_20260628100637_ca9e45 200 in 91ms
 GET /api/feral/v1/engine-room 200 in 51ms
 GET /api/real-aeye-relay?relay_id=real_aeye_relay_20260628100637_ca9e45 200 in 84ms
 GET /api/real-aeye-relay?relay_id=real_aeye_relay_20260628100637_ca9e45 200 in 102ms
 GET /api/feral/v1/engine-room 200 in 73ms
 GET /api/feral/v1/engine-room 200 in 72ms
 GET /api/feral/v1/engine-room 200 in 71ms
 GET /api/feral/v1/engine-room 200 in 71ms
 GET /api/real-aeye-relay?relay_id=real_aeye_relay_20260628100637_ca9e45 200 in 111ms
 GET /api/feral/v1/engine-room 200 in 45ms
 GET /api/feral/v1/engine-room 200 in 51ms
 GET /api/feral/v1/engine-room 200 in 50ms
 GET /api/real-aeye-relay?relay_id=real_aeye_relay_20260628100637_ca9e45 200 in 87ms
 GET /api/feral/v1/engine-room 200 in 37ms
 GET /api/feral/v1/engine-room 200 in 34ms
 GET /api/feral/v1/engine-room 200 in 34ms
 GET /api/feral/v1/engine-room 200 in 36ms
 GET /api/real-aeye-relay?relay_id=real_aeye_relay_20260628100637_ca9e45 200 in 118ms
 GET /api/feral/v1/engine-room 200 in 25ms
 GET /api/real-aeye-relay?relay_id=real_aeye_relay_20260628100637_ca9e45 200 in 110ms
 GET /api/feral/v1/engine-room 200 in 32ms
 GET /api/feral/v1/engine-room 200 in 34ms
 GET /api/real-aeye-relay?relay_id=real_aeye_relay_20260628100637_ca9e45 200 in 94ms
 GET /api/real-aeye-relay?relay_id=real_aeye_relay_20260628100637_ca9e45 200 in 78ms
 GET /api/real-aeye-relay?relay_id=real_aeye_relay_20260628100637_ca9e45 200 in 61ms
 GET /api/feral/v1/engine-room 200 in 40ms
 GET /api/feral/v1/engine-room 200 in 49ms
 GET /api/feral/v1/engine-room 200 in 41ms
 GET /api/real-aeye-relay?relay_id=real_aeye_relay_20260628100637_ca9e45 200 in 77ms
 GET /api/feral/v1/engine-room 200 in 50ms
 GET /api/feral/v1/engine-room 200 in 43ms
 GET /api/feral/v1/engine-room 200 in 34ms
 GET /api/real-aeye-relay?relay_id=real_aeye_relay_20260628100637_ca9e45 200 in 66ms
 GET /api/feral/v1/engine-room 200 in 35ms
 GET /api/feral/v1/engine-room 200 in 39ms
 GET /api/real-aeye-relay?relay_id=real_aeye_relay_20260628100637_ca9e45 200 in 76ms
 GET /api/feral/v1/engine-room 200 in 32ms
 GET /api/feral/v1/engine-room 200 in 34ms
 GET /api/feral/v1/engine-room 200 in 31ms
 GET /api/real-aeye-relay?relay_id=real_aeye_relay_20260628100637_ca9e45 200 in 72ms
 GET /api/feral/v1/engine-room 200 in 42ms
 GET /api/feral/v1/engine-room 200 in 28ms
 GET /api/real-aeye-relay?relay_id=real_aeye_relay_20260628100637_ca9e45 200 in 79ms
 GET /api/feral/v1/engine-room 200 in 36ms
 GET /api/feral/v1/engine-room 200 in 33ms
 GET /api/feral/v1/engine-room 200 in 32ms
 GET /api/feral/v1/engine-room 200 in 28ms
 GET /api/real-aeye-relay?relay_id=real_aeye_relay_20260628100637_ca9e45 200 in 96ms
 GET /api/feral/v1/engine-room 200 in 28ms
 GET /api/real-aeye-relay?relay_id=real_aeye_relay_20260628100637_ca9e45 200 in 106ms
 GET /api/feral/v1/engine-room 200 in 21ms
 GET /api/feral/v1/engine-room 200 in 34ms
 GET /api/feral/v1/engine-room 200 in 28ms
 GET /api/real-aeye-relay?relay_id=real_aeye_relay_20260628100637_ca9e45 200 in 117ms
 GET /api/feral/v1/engine-room 200 in 40ms
 GET /api/real-aeye-relay?relay_id=real_aeye_relay_20260628100637_ca9e45 200 in 105ms
 GET /api/real-aeye-relay?relay_id=real_aeye_relay_20260628100637_ca9e45 200 in 94ms
 GET /api/feral/v1/engine-room 200 in 24ms
 GET /api/feral/v1/engine-room 200 in 33ms
 GET /api/real-aeye-relay?relay_id=real_aeye_relay_20260628100637_ca9e45 200 in 86ms
 GET /api/feral/v1/engine-room 200 in 39ms
 GET /api/feral/v1/engine-room 200 in 40ms
 GET /api/real-aeye-relay?relay_id=real_aeye_relay_20260628100637_ca9e45 200 in 62ms
 GET /api/feral/v1/engine-room 200 in 32ms
 GET /api/feral/v1/engine-room 200 in 33ms
 GET /api/real-aeye-relay?relay_id=real_aeye_relay_20260628100637_ca9e45 200 in 72ms
 GET /api/feral/v1/engine-room 200 in 37ms
 GET /api/feral/v1/engine-room 200 in 43ms
 GET /api/real-aeye-relay?relay_id=real_aeye_relay_20260628100637_ca9e45 200 in 76ms
 GET /api/feral/v1/engine-room 200 in 31ms
 GET /api/feral/v1/engine-room 200 in 34ms
 GET /api/feral/v1/engine-room 200 in 38ms
 GET /api/feral/v1/engine-room 200 in 32ms
 GET /api/real-aeye-relay?relay_id=real_aeye_relay_20260628100637_ca9e45 200 in 78ms
 GET /api/feral/v1/engine-room 200 in 31ms
 GET /api/feral/v1/engine-room 200 in 33ms
 GET /api/feral/v1/engine-room 200 in 25ms
 GET /api/feral/v1/engine-room 200 in 24ms
 GET /api/feral/v1/engine-room 200 in 26ms
 GET /api/real-aeye-relay?relay_id=real_aeye_relay_20260628100637_ca9e45 200 in 84ms
 GET /api/feral/v1/engine-room 200 in 32ms
 GET /api/real-aeye-relay?relay_id=real_aeye_relay_20260628100637_ca9e45 200 in 115ms
 GET /api/feral/v1/engine-room 200 in 35ms
 GET /api/feral/v1/engine-room 200 in 37ms
 GET /api/feral/v1/engine-room 200 in 24ms
 GET /api/feral/v1/engine-room 200 in 25ms
 GET /api/real-aeye-relay?relay_id=real_aeye_relay_20260628100637_ca9e45 200 in 118ms
 GET /api/feral/v1/engine-room 200 in 25ms
 GET /api/feral/v1/engine-room 200 in 27ms
 GET /api/real-aeye-relay?relay_id=real_aeye_relay_20260628100637_ca9e45 200 in 115ms
 GET /api/feral/v1/engine-room 200 in 14ms
 GET /api/real-aeye-relay?relay_id=real_aeye_relay_20260628100637_ca9e45 200 in 105ms
 GET /api/feral/v1/engine-room 200 in 25ms
 GET /api/real-aeye-relay?relay_id=real_aeye_relay_20260628100637_ca9e45 200 in 101ms
 GET /api/feral/v1/engine-room 200 in 26ms
 GET /api/real-aeye-relay?relay_id=real_aeye_relay_20260628100637_ca9e45 200 in 82ms
 GET /api/feral/v1/engine-room 200 in 27ms
 GET /api/real-aeye-relay?relay_id=real_aeye_relay_20260628100637_ca9e45 200 in 70ms
 GET /api/feral/v1/engine-room 200 in 36ms
 GET /api/real-aeye-relay?relay_id=real_aeye_relay_20260628100637_ca9e45 200 in 56ms
 GET /api/feral/v1/engine-room 200 in 35ms
 GET /api/feral/v1/engine-room 200 in 34ms
 GET /api/real-aeye-relay?relay_id=real_aeye_relay_20260628100637_ca9e45 200 in 60ms
 GET /api/feral/v1/engine-room 200 in 31ms
 GET /api/feral/v1/engine-room 200 in 31ms
 GET /api/feral/v1/engine-room 200 in 37ms
 GET /api/real-aeye-relay?relay_id=real_aeye_relay_20260628100637_ca9e45 200 in 63ms
 GET /api/feral/v1/engine-room 200 in 37ms
 GET /api/feral/v1/engine-room 200 in 36ms
 GET /api/real-aeye-relay?relay_id=real_aeye_relay_20260628100637_ca9e45 200 in 70ms
 GET /api/feral/v1/engine-room 200 in 39ms
 GET /api/feral/v1/engine-room 200 in 41ms
 GET /api/real-aeye-relay?relay_id=real_aeye_relay_20260628100637_ca9e45 200 in 72ms
 GET /api/feral/v1/engine-room 200 in 35ms
 GET /api/feral/v1/engine-room 200 in 44ms
 GET /api/real-aeye-relay?relay_id=real_aeye_relay_20260628100637_ca9e45 200 in 68ms
 GET /api/feral/v1/engine-room 200 in 41ms
 GET /api/feral/v1/engine-room 200 in 39ms
 GET /api/feral/v1/engine-room 200 in 42ms
 GET /api/feral/v1/engine-room 200 in 35ms
 GET /api/real-aeye-relay?relay_id=real_aeye_relay_20260628100637_ca9e45 200 in 93ms
 GET /api/feral/v1/engine-room 200 in 54ms
 GET /api/real-aeye-relay?relay_id=real_aeye_relay_20260628100637_ca9e45 200 in 110ms
 GET /api/real-aeye-relay?relay_id=real_aeye_relay_20260628100637_ca9e45 200 in 75ms
 GET /api/feral/v1/engine-room 200 in 46ms
 GET /api/feral/v1/engine-room 200 in 51ms
 GET /api/feral/v1/engine-room 200 in 38ms
 GET /api/feral/v1/engine-room 200 in 32ms
 GET /api/real-aeye-relay?relay_id=real_aeye_relay_20260628100637_ca9e45 200 in 91ms
 GET /api/feral/v1/engine-room 200 in 35ms
 GET /api/real-aeye-relay?relay_id=real_aeye_relay_20260628100637_ca9e45 200 in 76ms
 GET /api/real-aeye-relay?relay_id=real_aeye_relay_20260628100637_ca9e45 200 in 81ms
 GET /api/feral/v1/engine-room 200 in 70ms
 GET /api/feral/v1/engine-room 200 in 72ms
 GET /api/feral/v1/engine-room 200 in 71ms
 GET /api/feral/v1/engine-room 200 in 44ms
 GET /api/real-aeye-relay?relay_id=real_aeye_relay_20260628100637_ca9e45 200 in 107ms
 GET /api/feral/v1/engine-room 200 in 43ms
 GET /api/feral/v1/engine-room 200 in 43ms
 GET /api/real-aeye-relay?relay_id=real_aeye_relay_20260628100637_ca9e45 200 in 84ms
 GET /api/feral/v1/engine-room 200 in 40ms
 GET /api/real-aeye-relay?relay_id=real_aeye_relay_20260628100637_ca9e45 200 in 70ms
 GET /api/feral/v1/engine-room 200 in 47ms
 GET /api/feral/v1/engine-room 200 in 34ms
 GET /api/feral/v1/engine-room 200 in 35ms
 GET /api/feral/v1/engine-room 200 in 39ms
 GET /api/feral/v1/engine-room 200 in 36ms
 GET /api/real-aeye-relay?relay_id=real_aeye_relay_20260628100637_ca9e45 200 in 60ms
 GET /api/feral/v1/engine-room 200 in 19ms
 GET /api/feral/v1/engine-room 200 in 23ms
 GET /api/feral/v1/engine-room 200 in 37ms
 GET /api/feral/v1/engine-room 200 in 39ms
 GET /api/real-aeye-relay?relay_id=real_aeye_relay_20260628100637_ca9e45 200 in 92ms
 GET /api/real-aeye-relay?relay_id=real_aeye_relay_20260628100637_ca9e45 200 in 61ms
 GET /api/feral/v1/engine-room 200 in 28ms
 GET /api/feral/v1/engine-room 200 in 29ms
 GET /api/real-aeye-relay?relay_id=real_aeye_relay_20260628100637_ca9e45 200 in 77ms
 GET /api/feral/v1/engine-room 200 in 57ms
 GET /api/real-aeye-relay?relay_id=real_aeye_relay_20260628100637_ca9e45 200 in 78ms
 GET /api/feral/v1/engine-room 200 in 56ms
 GET /api/feral/v1/engine-room 200 in 41ms
 GET /api/feral/v1/engine-room 200 in 42ms
 GET /api/real-aeye-relay?relay_id=real_aeye_relay_20260628100637_ca9e45 200 in 88ms
 GET /api/feral/v1/engine-room 200 in 35ms
 GET /api/feral/v1/engine-room 200 in 47ms
 GET /api/real-aeye-relay?relay_id=real_aeye_relay_20260628100637_ca9e45 200 in 78ms
 GET /api/feral/v1/engine-room 200 in 34ms
 GET /api/real-aeye-relay?relay_id=real_aeye_relay_20260628100637_ca9e45 200 in 69ms
 GET /api/feral/v1/engine-room 200 in 45ms
 GET /api/feral/v1/engine-room 200 in 37ms
 GET /api/feral/v1/engine-room 200 in 38ms
 GET /api/real-aeye-relay?relay_id=real_aeye_relay_20260628100637_ca9e45 200 in 67ms
 GET /api/feral/v1/engine-room 200 in 36ms
 GET /api/feral/v1/engine-room 200 in 44ms
 GET /api/real-aeye-relay?relay_id=real_aeye_relay_20260628100637_ca9e45 200 in 69ms
 GET /api/feral/v1/engine-room 200 in 36ms
 GET /api/feral/v1/engine-room 200 in 37ms
 GET /api/real-aeye-relay?relay_id=real_aeye_relay_20260628100637_ca9e45 200 in 68ms
 GET /api/feral/v1/engine-room 200 in 33ms
 GET /api/feral/v1/engine-room 200 in 36ms
 GET /api/real-aeye-relay?relay_id=real_aeye_relay_20260628100637_ca9e45 200 in 70ms
 GET /api/feral/v1/engine-room 200 in 43ms
 GET /api/feral/v1/engine-room 200 in 33ms
 GET /api/feral/v1/engine-room 200 in 34ms
 GET /api/feral/v1/engine-room 200 in 34ms
 GET /api/feral/v1/engine-room 200 in 27ms
 GET /api/feral/v1/engine-room 200 in 28ms
 GET /api/feral/v1/engine-room 200 in 25ms
 GET /api/feral/v1/engine-room 200 in 27ms
 GET /api/feral/v1/engine-room 200 in 18ms
 GET /api/feral/v1/engine-room 200 in 9ms
 GET /api/real-aeye-relay?relay_id=real_aeye_relay_20260628100637_ca9e45 200 in 2836ms
 GET /api/real-aeye-relay?relay_id=real_aeye_relay_20260628100637_ca9e45 200 in 2831ms
 GET /api/feral/v1/engine-room 200 in 20ms
 GET /api/real-aeye-relay?relay_id=real_aeye_relay_20260628100637_ca9e45 200 in 2814ms
 GET /api/real-aeye-relay?relay_id=real_aeye_relay_20260628100637_ca9e45 200 in 2783ms
 GET /api/real-aeye-relay?relay_id=real_aeye_relay_20260628100637_ca9e45 200 in 2722ms
 GET /api/real-aeye-relay?relay_id=real_aeye_relay_20260628100637_ca9e45 200 in 2688ms
 GET /api/feral/v1/engine-room 200 in 27ms
 GET /api/feral/v1/engine-room 200 in 35ms
 GET /api/feral/v1/engine-room 200 in 37ms
 GET /api/feral/v1/engine-room 200 in 38ms
 GET /api/real-aeye-relay?relay_id=real_aeye_relay_20260628100637_ca9e45 200 in 59ms
 GET /api/real-aeye-relay?relay_id=real_aeye_relay_20260628100637_ca9e45 200 in 65ms
 GET /api/feral/v1/engine-room 200 in 23ms
 GET /api/feral/v1/engine-room 200 in 32ms
 GET /api/feral/v1/engine-room 200 in 33ms
 GET /api/real-aeye-relay?relay_id=real_aeye_relay_20260628100637_ca9e45 200 in 49ms
 GET /api/feral/v1/engine-room 200 in 23ms
 GET /api/real-aeye-relay?relay_id=real_aeye_relay_20260628100637_ca9e45 200 in 66ms
 GET /api/feral/v1/engine-room 200 in 37ms
 GET /api/feral/v1/engine-room 200 in 37ms
 GET /api/real-aeye-relay?relay_id=real_aeye_relay_20260628100637_ca9e45 200 in 54ms
 GET /api/feral/v1/engine-room 200 in 37ms
 GET /api/feral/v1/engine-room 200 in 30ms
 GET /api/feral/v1/engine-room 200 in 32ms
 GET /api/real-aeye-relay?relay_id=real_aeye_relay_20260628100637_ca9e45 200 in 71ms
 GET /api/feral/v1/engine-room 200 in 40ms
 GET /api/feral/v1/engine-room 200 in 40ms
 GET /api/feral/v1/engine-room 200 in 35ms
 GET /api/feral/v1/engine-room 200 in 35ms
 GET /api/real-aeye-relay?relay_id=real_aeye_relay_20260628100637_ca9e45 200 in 65ms
 GET /api/feral/v1/engine-room 200 in 55ms
 GET /api/real-aeye-relay?relay_id=real_aeye_relay_20260628100637_ca9e45 200 in 70ms
 GET /api/feral/v1/engine-room 200 in 63ms
 GET /api/feral/v1/engine-room 200 in 48ms
 GET /api/feral/v1/engine-room 200 in 50ms
 GET /api/real-aeye-relay?relay_id=real_aeye_relay_20260628100637_ca9e45 200 in 77ms
 GET /api/feral/v1/engine-room 200 in 43ms
 GET /api/feral/v1/engine-room 200 in 44ms
 GET /api/real-aeye-relay?relay_id=real_aeye_relay_20260628100637_ca9e45 200 in 68ms
 GET /api/feral/v1/engine-room 200 in 36ms
 GET /api/feral/v1/engine-room 200 in 48ms
 GET /api/feral/v1/engine-room 200 in 38ms
 GET /api/feral/v1/engine-room 200 in 40ms
 GET /api/real-aeye-relay?relay_id=real_aeye_relay_20260628100637_ca9e45 200 in 82ms
 GET /api/real-aeye-relay?relay_id=real_aeye_relay_20260628100637_ca9e45 200 in 84ms
 GET /api/feral/v1/engine-room 200 in 33ms
 GET /api/real-aeye-relay?relay_id=real_aeye_relay_20260628100637_ca9e45 200 in 64ms
 GET /api/feral/v1/engine-room 200 in 37ms
 GET /api/feral/v1/engine-room 200 in 38ms
 GET /api/real-aeye-relay?relay_id=real_aeye_relay_20260628100637_ca9e45 200 in 64ms
 GET /api/feral/v1/engine-room 200 in 47ms
 GET /api/feral/v1/engine-room 200 in 40ms
 GET /api/real-aeye-relay?relay_id=real_aeye_relay_20260628100637_ca9e45 200 in 74ms
 GET /api/feral/v1/engine-room 200 in 62ms
 GET /api/real-aeye-relay?relay_id=real_aeye_relay_20260628100637_ca9e45 200 in 102ms
 ○ Compiling / ...
 GET /api/feral/v1/engine-room 200 in 2307ms
 GET /api/feral/v1/engine-room 200 in 2308ms
 GET /api/feral/v1/engine-room 200 in 2301ms
 GET /api/feral/v1/engine-room 200 in 2293ms
 GET /api/real-aeye-relay?relay_id=real_aeye_relay_20260628100637_ca9e45 200 in 2573ms
 GET /api/real-aeye-relay?relay_id=real_aeye_relay_20260628100637_ca9e45 200 in 2635ms
 GET / 200 in 2702ms
 GET /api/feral/v1/engine-room 200 in 357ms
 GET /api/feral/v1/engine-room 200 in 359ms
 GET /api/feral/v1/engine-room 200 in 51ms
 GET /api/feral/v1/engine-room 200 in 51ms
 GET /api/real-aeye-relay?relay_id=real_aeye_relay_20260628100637_ca9e45 200 in 400ms
 GET /api/feral/v1/engine-room 200 in 39ms
 GET /api/feral/v1/engine-room 200 in 35ms
 GET /api/real-aeye-relay?relay_id=real_aeye_relay_20260628100637_ca9e45 200 in 81ms
 GET /api/feral/v1/engine-room 200 in 45ms
 GET /api/feral/v1/engine-room 200 in 26ms
 GET /api/feral/v1/engine-room 200 in 38ms
 GET /api/feral/v1/engine-room 200 in 38ms
 GET /api/real-aeye-relay?relay_id=real_aeye_relay_20260628100637_ca9e45 200 in 93ms
 GET /api/feral/v1/engine-room 200 in 33ms
 GET /api/real-aeye-relay?relay_id=real_aeye_relay_20260628100637_ca9e45 200 in 94ms
 GET /api/real-aeye-relay?relay_id=real_aeye_relay_20260628100637_ca9e45 200 in 76ms
 GET /api/feral/v1/engine-room 200 in 37ms
 GET /api/feral/v1/engine-room 200 in 45ms
 GET /api/real-aeye-relay?relay_id=real_aeye_relay_20260628100637_ca9e45 200 in 67ms
 GET /api/feral/v1/engine-room 200 in 30ms
 GET /api/feral/v1/engine-room 200 in 46ms
 GET /api/feral/v1/engine-room 200 in 52ms
 GET /api/real-aeye-relay?relay_id=real_aeye_relay_20260628100637_ca9e45 200 in 76ms
 GET /api/feral/v1/engine-room 200 in 45ms
 GET /api/feral/v1/engine-room 200 in 52ms
 GET /api/real-aeye-relay?relay_id=real_aeye_relay_20260628100637_ca9e45 200 in 89ms
 GET /api/feral/v1/engine-room 200 in 36ms
 GET /api/feral/v1/engine-room 200 in 53ms
 GET /api/real-aeye-relay?relay_id=real_aeye_relay_20260628100637_ca9e45 200 in 85ms
 GET /api/feral/v1/engine-room 200 in 45ms
 GET /api/feral/v1/engine-room 200 in 47ms
 GET /api/real-aeye-relay?relay_id=real_aeye_relay_20260628100637_ca9e45 200 in 82ms
 GET /api/feral/v1/engine-room 200 in 39ms
 GET /api/feral/v1/engine-room 200 in 41ms
 GET /api/real-aeye-relay?relay_id=real_aeye_relay_20260628100637_ca9e45 200 in 75ms
 GET /api/feral/v1/engine-room 200 in 43ms
 GET /api/feral/v1/engine-room 200 in 56ms
 GET /api/real-aeye-relay?relay_id=real_aeye_relay_20260628100637_ca9e45 200 in 76ms
 GET /api/feral/v1/engine-room 200 in 41ms
 GET /api/feral/v1/engine-room 200 in 59ms
 GET /api/feral/v1/engine-room 200 in 42ms
 GET /api/real-aeye-relay?relay_id=real_aeye_relay_20260628100637_ca9e45 200 in 77ms
 GET /api/feral/v1/engine-room 200 in 47ms
 GET /api/feral/v1/engine-room 200 in 52ms
 GET /api/feral/v1/engine-room 200 in 45ms
 GET /api/real-aeye-relay?relay_id=real_aeye_relay_20260628100637_ca9e45 200 in 78ms
 GET /api/feral/v1/engine-room 200 in 38ms
 GET /api/feral/v1/engine-room 200 in 35ms
 GET /api/real-aeye-relay?relay_id=real_aeye_relay_20260628100637_ca9e45 200 in 74ms
 GET /api/feral/v1/engine-room 200 in 36ms
 GET /api/real-aeye-relay?relay_id=real_aeye_relay_20260628100637_ca9e45 200 in 76ms
 GET /api/feral/v1/engine-room 200 in 53ms
 GET /api/feral/v1/engine-room 200 in 44ms
 GET /api/feral/v1/engine-room 200 in 45ms
 GET /api/real-aeye-relay?relay_id=real_aeye_relay_20260628100637_ca9e45 200 in 80ms
 GET /api/feral/v1/engine-room 200 in 37ms
 GET /api/feral/v1/engine-room 200 in 37ms
 GET /api/real-aeye-relay?relay_id=real_aeye_relay_20260628100637_ca9e45 200 in 82ms
 GET /api/feral/v1/engine-room 200 in 37ms
 GET /api/feral/v1/engine-room 200 in 38ms
 GET /api/real-aeye-relay?relay_id=real_aeye_relay_20260628100637_ca9e45 200 in 74ms
 GET /api/feral/v1/engine-room 200 in 44ms
 GET /api/feral/v1/engine-room 200 in 42ms
 GET /api/real-aeye-relay?relay_id=real_aeye_relay_20260628100637_ca9e45 200 in 74ms
 GET /api/feral/v1/engine-room 200 in 40ms
 GET /api/feral/v1/engine-room 200 in 42ms
 GET /api/real-aeye-relay?relay_id=real_aeye_relay_20260628100637_ca9e45 200 in 73ms
 GET /api/feral/v1/engine-room 200 in 39ms
 GET /api/real-aeye-relay?relay_id=real_aeye_relay_20260628100637_ca9e45 200 in 69ms
 GET /api/feral/v1/engine-room 200 in 62ms
 GET /api/feral/v1/engine-room 200 in 45ms
 GET /api/feral/v1/engine-room 200 in 56ms
 GET /api/feral/v1/engine-room 200 in 34ms
 GET /api/real-aeye-relay?relay_id=real_aeye_relay_20260628100637_ca9e45 200 in 93ms
 GET /api/feral/v1/engine-room 200 in 44ms
 GET /api/real-aeye-relay?relay_id=real_aeye_relay_20260628100637_ca9e45 200 in 109ms
 GET /api/feral/v1/engine-room 200 in 42ms
 GET /api/real-aeye-relay?relay_id=real_aeye_relay_20260628100637_ca9e45 200 in 83ms
 GET /api/feral/v1/engine-room 200 in 41ms
 GET /api/feral/v1/engine-room 200 in 51ms
 GET /api/feral/v1/engine-room 200 in 42ms
 GET /api/real-aeye-relay?relay_id=real_aeye_relay_20260628100637_ca9e45 200 in 85ms
 GET /api/feral/v1/engine-room 200 in 35ms
 GET /api/real-aeye-relay?relay_id=real_aeye_relay_20260628100637_ca9e45 200 in 73ms
 GET /api/feral/v1/engine-room 200 in 44ms
 GET /api/feral/v1/engine-room 200 in 38ms
 GET /api/feral/v1/engine-room 200 in 34ms
 GET /api/real-aeye-relay?relay_id=real_aeye_relay_20260628100637_ca9e45 200 in 70ms
 GET /api/feral/v1/engine-room 200 in 35ms
 GET /api/real-aeye-relay?relay_id=real_aeye_relay_20260628100637_ca9e45 200 in 69ms
 GET /api/feral/v1/engine-room 200 in 49ms
 GET /api/feral/v1/engine-room 200 in 43ms
 GET /api/feral/v1/engine-room 200 in 45ms
 GET /api/real-aeye-relay?relay_id=real_aeye_relay_20260628100637_ca9e45 200 in 62ms
 GET /api/feral/v1/engine-room 200 in 39ms
 GET /api/feral/v1/engine-room 200 in 42ms
 GET /api/real-aeye-relay?relay_id=real_aeye_relay_20260628100637_ca9e45 200 in 70ms
 GET /api/feral/v1/engine-room 200 in 37ms
 GET /api/feral/v1/engine-room 200 in 45ms
 GET /api/real-aeye-relay?relay_id=real_aeye_relay_20260628100637_ca9e45 200 in 62ms
 GET /api/real-aeye-relay?relay_id=real_aeye_relay_20260628100637_ca9e45 200 in 65ms
 GET /api/feral/v1/engine-room 200 in 51ms
 GET /api/feral/v1/engine-room 200 in 50ms
 GET /api/feral/v1/engine-room 200 in 53ms
 GET /api/real-aeye-relay?relay_id=real_aeye_relay_20260628100637_ca9e45 200 in 83ms
 GET /api/feral/v1/engine-room 200 in 45ms
 GET /api/feral/v1/engine-room 200 in 42ms
 GET /api/feral/v1/engine-room 200 in 44ms
 GET /api/feral/v1/engine-room 200 in 25ms
 GET /api/feral/v1/engine-room 200 in 33ms
 GET /api/real-aeye-relay?relay_id=real_aeye_relay_20260628100637_ca9e45 200 in 91ms
 GET /api/feral/v1/engine-room 200 in 30ms
 GET /api/real-aeye-relay?relay_id=real_aeye_relay_20260628100637_ca9e45 200 in 76ms
 GET /api/feral/v1/engine-room 200 in 45ms
 GET /api/feral/v1/engine-room 200 in 35ms
 GET /api/feral/v1/engine-room 200 in 47ms
 GET /api/real-aeye-relay?relay_id=real_aeye_relay_20260628100637_ca9e45 200 in 71ms
 GET /api/feral/v1/engine-room 200 in 43ms
 GET /api/feral/v1/engine-room 200 in 45ms
 GET /api/real-aeye-relay?relay_id=real_aeye_relay_20260628100637_ca9e45 200 in 75ms
 GET /api/feral/v1/engine-room 200 in 39ms
 GET /api/feral/v1/engine-room 200 in 42ms
 GET /api/real-aeye-relay?relay_id=real_aeye_relay_20260628100637_ca9e45 200 in 70ms
 GET /api/feral/v1/engine-room 200 in 42ms
 GET /api/feral/v1/engine-room 200 in 50ms
 GET /api/real-aeye-relay?relay_id=real_aeye_relay_20260628100637_ca9e45 200 in 75ms
 GET /api/feral/v1/engine-room 200 in 33ms
 GET /api/feral/v1/engine-room 200 in 34ms
 GET /api/real-aeye-relay?relay_id=real_aeye_relay_20260628100637_ca9e45 200 in 58ms
 GET /api/feral/v1/engine-room 200 in 42ms
 GET /api/real-aeye-relay?relay_id=real_aeye_relay_20260628100637_ca9e45 200 in 65ms
 GET /api/feral/v1/engine-room 200 in 41ms
 GET /api/feral/v1/engine-room 200 in 57ms
 GET /api/real-aeye-relay?relay_id=real_aeye_relay_20260628100637_ca9e45 200 in 75ms
 GET /api/feral/v1/engine-room 200 in 59ms
 GET /api/feral/v1/engine-room 200 in 58ms
 GET /api/real-aeye-relay?relay_id=real_aeye_relay_20260628100637_ca9e45 200 in 83ms
 GET /api/feral/v1/engine-room 200 in 44ms
 GET /api/feral/v1/engine-room 200 in 39ms
 GET /api/feral/v1/engine-room 200 in 37ms
 GET /api/real-aeye-relay?relay_id=real_aeye_relay_20260628100637_ca9e45 200 in 64ms
 GET /api/feral/v1/engine-room 200 in 32ms
 GET /api/feral/v1/engine-room 200 in 30ms
 GET /api/feral/v1/engine-room 200 in 35ms
 GET /api/feral/v1/engine-room 200 in 42ms
 GET /api/real-aeye-relay?relay_id=real_aeye_relay_20260628100637_ca9e45 200 in 95ms
 GET /api/real-aeye-relay?relay_id=real_aeye_relay_20260628100637_ca9e45 200 in 72ms
 GET /api/feral/v1/engine-room 200 in 36ms
 GET /api/feral/v1/engine-room 200 in 40ms
 GET /api/real-aeye-relay?relay_id=real_aeye_relay_20260628100637_ca9e45 200 in 60ms
 GET /api/feral/v1/engine-room 200 in 37ms
 GET /api/feral/v1/engine-room 200 in 42ms
 GET /api/real-aeye-relay?relay_id=real_aeye_relay_20260628100637_ca9e45 200 in 72ms
 GET /api/feral/v1/engine-room 200 in 36ms
 GET /api/feral/v1/engine-room 200 in 37ms
 GET /api/real-aeye-relay?relay_id=real_aeye_relay_20260628100637_ca9e45 200 in 66ms
 GET /api/real-aeye-relay?relay_id=real_aeye_relay_20260628100637_ca9e45 200 in 61ms
 GET /api/feral/v1/engine-room 200 in 39ms
 GET /api/feral/v1/engine-room 200 in 41ms
 GET /api/feral/v1/engine-room 200 in 43ms
 GET /api/feral/v1/engine-room 200 in 45ms
 GET /api/real-aeye-relay?relay_id=real_aeye_relay_20260628100637_ca9e45 200 in 71ms
 GET /api/feral/v1/engine-room 200 in 34ms
 GET /api/feral/v1/engine-room 200 in 46ms
 GET /api/real-aeye-relay?relay_id=real_aeye_relay_20260628100637_ca9e45 200 in 74ms
 GET /api/real-aeye-relay?relay_id=real_aeye_relay_20260628100637_ca9e45 200 in 74ms
 GET /api/feral/v1/engine-room 200 in 72ms
 GET /api/feral/v1/engine-room 200 in 63ms
 GET /api/feral/v1/engine-room 200 in 32ms
 GET /api/real-aeye-relay?relay_id=real_aeye_relay_20260628100637_ca9e45 200 in 83ms
 GET /api/feral/v1/engine-room 200 in 37ms
 GET /api/feral/v1/engine-room 200 in 46ms
 GET /api/feral/v1/engine-room 200 in 45ms
 GET /api/feral/v1/engine-room 200 in 34ms
 GET /api/real-aeye-relay?relay_id=real_aeye_relay_20260628100637_ca9e45 200 in 98ms
 GET /api/feral/v1/engine-room 200 in 42ms
 GET /api/real-aeye-relay?relay_id=real_aeye_relay_20260628100637_ca9e45 200 in 72ms
 GET /api/feral/v1/engine-room 200 in 46ms
 GET /api/real-aeye-relay?relay_id=real_aeye_relay_20260628100637_ca9e45 200 in 71ms
 GET /api/feral/v1/engine-room 200 in 46ms
 GET /api/feral/v1/engine-room 200 in 30ms
 GET /api/real-aeye-relay?relay_id=real_aeye_relay_20260628100637_ca9e45 200 in 72ms
 GET /api/feral/v1/engine-room 200 in 49ms
 GET /api/feral/v1/engine-room 200 in 35ms
 GET /api/feral/v1/engine-room 200 in 41ms
 GET /api/real-aeye-relay?relay_id=real_aeye_relay_20260628100637_ca9e45 200 in 75ms
 GET /api/feral/v1/engine-room 200 in 33ms
 GET /api/feral/v1/engine-room 200 in 42ms
 GET /api/feral/v1/engine-room 200 in 30ms
 GET /api/real-aeye-relay?relay_id=real_aeye_relay_20260628100637_ca9e45 200 in 67ms
 GET /api/feral/v1/engine-room 200 in 36ms
 GET /api/feral/v1/engine-room 200 in 38ms
 GET /api/real-aeye-relay?relay_id=real_aeye_relay_20260628100637_ca9e45 200 in 57ms
 GET /api/feral/v1/engine-room 200 in 39ms
 GET /api/feral/v1/engine-room 200 in 35ms
 GET /api/feral/v1/engine-room 200 in 41ms
 GET /api/real-aeye-relay?relay_id=real_aeye_relay_20260628100637_ca9e45 200 in 61ms
 GET /api/feral/v1/engine-room 200 in 37ms
 GET /api/real-aeye-relay?relay_id=real_aeye_relay_20260628100637_ca9e45 200 in 66ms
 GET /api/feral/v1/engine-room 200 in 51ms
 GET /api/feral/v1/engine-room 200 in 31ms
 GET /api/feral/v1/engine-room 200 in 32ms
 GET /api/real-aeye-relay?relay_id=real_aeye_relay_20260628100637_ca9e45 200 in 71ms
 GET /api/feral/v1/engine-room 200 in 35ms
 GET /api/feral/v1/engine-room 200 in 32ms
 GET /api/real-aeye-relay?relay_id=real_aeye_relay_20260628100637_ca9e45 200 in 61ms
 GET /api/feral/v1/engine-room 200 in 37ms
 GET /api/feral/v1/engine-room 200 in 39ms
 GET /api/real-aeye-relay?relay_id=real_aeye_relay_20260628100637_ca9e45 200 in 84ms
 GET /api/feral/v1/engine-room 200 in 42ms
 GET /api/feral/v1/engine-room 200 in 40ms
 GET /api/real-aeye-relay?relay_id=real_aeye_relay_20260628100637_ca9e45 200 in 64ms
 GET /api/feral/v1/engine-room 200 in 39ms
 GET /api/real-aeye-relay?relay_id=real_aeye_relay_20260628100637_ca9e45 200 in 60ms
 GET /api/feral/v1/engine-room 200 in 30ms
 GET /api/feral/v1/engine-room 200 in 30ms
 GET /api/real-aeye-relay?relay_id=real_aeye_relay_20260628100637_ca9e45 200 in 51ms
 GET /api/feral/v1/engine-room 200 in 42ms
 GET /api/feral/v1/engine-room 200 in 34ms
 GET /api/feral/v1/engine-room 200 in 33ms
 GET /api/real-aeye-relay?relay_id=real_aeye_relay_20260628100637_ca9e45 200 in 74ms
 GET /api/feral/v1/engine-room 200 in 35ms
 GET /api/real-aeye-relay?relay_id=real_aeye_relay_20260628100637_ca9e45 200 in 59ms
 GET /api/feral/v1/engine-room 200 in 48ms
 GET /api/feral/v1/engine-room 200 in 30ms
 GET /api/feral/v1/engine-room 200 in 40ms
 GET /api/feral/v1/engine-room 200 in 36ms
 GET /api/real-aeye-relay?relay_id=real_aeye_relay_20260628100637_ca9e45 200 in 72ms
 GET /api/feral/v1/engine-room 200 in 36ms
 GET /api/real-aeye-relay?relay_id=real_aeye_relay_20260628100637_ca9e45 200 in 62ms
 GET /api/feral/v1/engine-room 200 in 41ms
 GET /api/feral/v1/engine-room 200 in 41ms
 GET /api/real-aeye-relay?relay_id=real_aeye_relay_20260628100637_ca9e45 200 in 67ms
 GET /api/feral/v1/engine-room 200 in 31ms
 GET /api/feral/v1/engine-room 200 in 42ms
 GET /api/real-aeye-relay?relay_id=real_aeye_relay_20260628100637_ca9e45 200 in 75ms
 GET /api/feral/v1/engine-room 200 in 40ms
 GET /api/feral/v1/engine-room 200 in 42ms
 GET /api/real-aeye-relay?relay_id=real_aeye_relay_20260628100637_ca9e45 200 in 57ms
 GET /api/feral/v1/engine-room 200 in 46ms
 GET /api/feral/v1/engine-room 200 in 29ms
 GET /api/real-aeye-relay?relay_id=real_aeye_relay_20260628100637_ca9e45 200 in 77ms
 GET /api/feral/v1/engine-room 200 in 36ms
 GET /api/feral/v1/engine-room 200 in 39ms
 GET /api/real-aeye-relay?relay_id=real_aeye_relay_20260628100637_ca9e45 200 in 57ms
 GET /api/feral/v1/engine-room 200 in 26ms
 GET /api/feral/v1/engine-room 200 in 38ms
 GET /api/real-aeye-relay?relay_id=real_aeye_relay_20260628100637_ca9e45 200 in 67ms
 GET /api/feral/v1/engine-room 200 in 41ms
